- [OUTPUT] ft_printf("%-s", NULL)
   expected: "(null)"
   actual:   ""

- [OUTPUT] ft_printf("%23s", NULL)
   expected: "                 (null)"
   actual:   ""

- [OUTPUT] ft_printf("%p", NULL)
   expected: "(nil)"
   actual:   "0x0"

- [OUTPUT] ft_printf("%s", NULL)
   expected: "(null)"
   actual:   ""

- [OUTPUT] ft_printf("hello, %s.", NULL)
   expected: "hello, (null)."
   actual:   "hello, "

- [OUTPUT] ft_printf("%s", NULL)
   expected: "(null)"
   actual:   ""

- [OUTPUT] ft_printf("%32s", NULL)
   expected: "                          (null)"
   actual:   ""

- [OUTPUT] ft_printf("%2s", NULL)
   expected: "(null)"
   actual:   ""

- [OUTPUT] ft_printf("%-32s", NULL)
   expected: "(null)                          "
   actual:   ""

- [OUTPUT] ft_printf("%-16s", NULL)
   expected: "(null)          "
   actual:   ""

- [OUTPUT] ft_printf("%-3s", NULL)
   expected: "(null)"
   actual:   ""

- [OUTPUT] ft_printf("%.09s", NULL)
   expected: "(null)"
   actual:   ""

- [OUTPUT] ft_printf("%3.s", NULL)
   expected: "   "
   actual:   ""

- [OUTPUT] ft_printf("%10.s", NULL)
   expected: "          "
   actual:   ""

- [OUTPUT] ft_printf("%-3.s", NULL)
   expected: "   "
   actual:   ""

- [OUTPUT] ft_printf("%-8.s", NULL)
   expected: "        "
   actual:   ""

- [OUTPUT] ft_printf("%3.1s", NULL)
   expected: "   "
   actual:   ""

- [OUTPUT] ft_printf("%9.1s", NULL)
   expected: "         "
   actual:   ""

- [OUTPUT] ft_printf("%-3.1s", NULL)
   expected: "   "
   actual:   ""

- [OUTPUT] ft_printf("%-9.1s", NULL)
   expected: "         "
   actual:   ""

- [OUTPUT] ft_printf("%3.6s", NULL)
   expected: "(null)"
   actual:   ""

- [OUTPUT] ft_printf("%20.6s", NULL)
   expected: "              (null)"
   actual:   ""

- [OUTPUT] ft_printf("%-3.8s", NULL)
   expected: "(null)"
   actual:   ""

- [OUTPUT] ft_printf("%-10.8s", NULL)
   expected: "(null)    "
   actual:   ""

- [OUTPUT] ft_printf("%.0i", 0)
   expected: ""
   actual:   "0"

- [OUTPUT] ft_printf("%.i", 0)
   expected: ""
   actual:   "0"

- [OUTPUT] ft_printf("%5.0i", 0)
   expected: "     "
   actual:   "    0"

- [OUTPUT] ft_printf("%5.i", 0)
   expected: "     "
   actual:   "    0"

- [OUTPUT] ft_printf("%-5.0i", 0)
   expected: "     "
   actual:   "0    "

- [OUTPUT] ft_printf("%-5.i", 0)
   expected: "     "
   actual:   "0    "

- [OUTPUT] ft_printf("%.0d", 0)
   expected: ""
   actual:   "0"

- [OUTPUT] ft_printf("%.d", 0)
   expected: ""
   actual:   "0"

- [OUTPUT] ft_printf("%5.0d", 0)
   expected: "     "
   actual:   "    0"

- [OUTPUT] ft_printf("%5.d", 0)
   expected: "     "
   actual:   "    0"

- [OUTPUT] ft_printf("%-5.0d", 0)
   expected: "     "
   actual:   "0    "

- [OUTPUT] ft_printf("%-5.d", 0)
   expected: "     "
   actual:   "0    "

- [OUTPUT] ft_printf("%.0u", 0)
   expected: ""
   actual:   "0"

- [OUTPUT] ft_printf("%.u", 0)
   expected: ""
   actual:   "0"

- [OUTPUT] ft_printf("%5.0u", 0)
   expected: "     "
   actual:   "    0"

- [OUTPUT] ft_printf("%5.u", 0)
   expected: "     "
   actual:   "    0"

- [OUTPUT] ft_printf("%-5.0u", 0)
   expected: "     "
   actual:   "0    "

- [OUTPUT] ft_printf("%-5.u", 0)
   expected: "     "
   actual:   "0    "

- [OUTPUT] ft_printf("%.0x", 0)
   expected: ""
   actual:   "0"

- [OUTPUT] ft_printf("%.x", 0)
   expected: ""
   actual:   "0"

- [OUTPUT] ft_printf("%5.0x", 0)
   expected: "     "
   actual:   "    0"

- [OUTPUT] ft_printf("%5.x", 0)
   expected: "     "
   actual:   "    0"

- [OUTPUT] ft_printf("%-5.0x", 0)
   expected: "     "
   actual:   "0    "

- [OUTPUT] ft_printf("%-5.x", 0)
   expected: "     "
   actual:   "0    "

- [OUTPUT] ft_printf("%.0x", 0)
   expected: ""
   actual:   "0"

- [OUTPUT] ft_printf("%.x", 0)
   expected: ""
   actual:   "0"

- [OUTPUT] ft_printf("%5.0x", 0)
   expected: "     "
   actual:   "    0"

- [OUTPUT] ft_printf("%5.x", 0)
   expected: "     "
   actual:   "    0"

- [OUTPUT] ft_printf("%-5.0x", 0)
   expected: "     "
   actual:   "0    "

- [OUTPUT] ft_printf("%-5.x", 0)
   expected: "     "
   actual:   "0    "

- [OUTPUT] ft_printf("%.0X", 0)
   expected: ""
   actual:   "0"

- [OUTPUT] ft_printf("%.X", 0)
   expected: ""
   actual:   "0"

- [OUTPUT] ft_printf("%5.0X", 0)
   expected: "     "
   actual:   "    0"

- [OUTPUT] ft_printf("%5.X", 0)
   expected: "     "
   actual:   "    0"

- [OUTPUT] ft_printf("%-5.0X", 0)
   expected: "     "
   actual:   "0    "

- [OUTPUT] ft_printf("%-5.X", 0)
   expected: "     "
   actual:   "0    "

- [OUTPUT] ft_printf("%p", NULL)
   expected: "(nil)"
   actual:   "0x0"

- [OUTPUT] ft_printf("%70p%70p%70p%70p%70p%70p%70p%70p%70p%70p%70p%70p",&a01,&a02,&a03,&a04,&a05,&a06,&a07,&a08,&a09,&a10,&a11,&a12)
   expected: "                                                        0x557b82f9c168                                                        0x557b82f9c169                                                        0x557b82f9c16a                                                        0x557b82f9c16c                                                        0x557b82f9c170                                                        0x557b82f9c174                                                        0x557b82f9c178                                                        0x557b82f9c180                                                        0x557b82f9c188                                                        0x557b82f9c190                                                        0x557b82f9c198                                                        0x557b82f9c1a0"
   actual:   "0x557b82f9c1680x557b82f9c1690x557b82f9c16a0x557b82f9c16c0x557b82f9c1700x557b82f9c1740x557b82f9c1780x557b82f9c1800x557b82f9c1880x557b82f9c1900x557b82f9c1980x557b82f9c1a0"

- [OUTPUT] ft_printf("%16p%16p%16p%16p%16p%16p%16p%16p%16p%16p%16p%16p",&a01,&a02,&a03,&a04,&a05,&a06,&a07,&a08,&a09,&a10,&a11,&a12)
   expected: "  0x557b82f9c168  0x557b82f9c169  0x557b82f9c16a  0x557b82f9c16c  0x557b82f9c170  0x557b82f9c174  0x557b82f9c178  0x557b82f9c180  0x557b82f9c188  0x557b82f9c190  0x557b82f9c198  0x557b82f9c1a0"
   actual:   "0x557b82f9c1680x557b82f9c1690x557b82f9c16a0x557b82f9c16c0x557b82f9c1700x557b82f9c1740x557b82f9c1780x557b82f9c1800x557b82f9c1880x557b82f9c1900x557b82f9c1980x557b82f9c1a0"

- [OUTPUT] ft_printf("%32p%32p%32p%32p%32p%32p%32p%32p%32p%32p%32p%32p",&a01,&a02,&a03,&a04,&a05,&a06,&a07,&a08,&a09,&a10,&a11,&a12)
   expected: "                  0x557b82f9c168                  0x557b82f9c169                  0x557b82f9c16a                  0x557b82f9c16c                  0x557b82f9c170                  0x557b82f9c174                  0x557b82f9c178                  0x557b82f9c180                  0x557b82f9c188                  0x557b82f9c190                  0x557b82f9c198                  0x557b82f9c1a0"
   actual:   "0x557b82f9c1680x557b82f9c1690x557b82f9c16a0x557b82f9c16c0x557b82f9c1700x557b82f9c1740x557b82f9c1780x557b82f9c1800x557b82f9c1880x557b82f9c1900x557b82f9c1980x557b82f9c1a0"

- [OUTPUT] ft_printf("%-70p%-70p%-70p%-70p%-70p%-70p%-70p%-70p%-70p%-70p%-70p%-70p",&a01,&a02,&a03,&a04,&a05,&a06,&a07,&a08,&a09,&a10,&a11,&a12)
   expected: "0x557b82f9c168                                                        0x557b82f9c169                                                        0x557b82f9c16a                                                        0x557b82f9c16c                                                        0x557b82f9c170                                                        0x557b82f9c174                                                        0x557b82f9c178                                                        0x557b82f9c180                                                        0x557b82f9c188                                                        0x557b82f9c190                                                        0x557b82f9c198                                                        0x557b82f9c1a0                                                        "
   actual:   "0x557b82f9c1680x557b82f9c1690x557b82f9c16a0x557b82f9c16c0x557b82f9c1700x557b82f9c1740x557b82f9c1780x557b82f9c1800x557b82f9c1880x557b82f9c1900x557b82f9c1980x557b82f9c1a0"

- [OUTPUT] ft_printf("%-16p%-16p%-16p%-16p%-16p%-16p%-16p%-16p%-16p%-16p%-16p%-16p",&a01,&a02,&a03,&a04,&a05,&a06,&a07,&a08,&a09,&a10,&a11,&a12)
   expected: "0x557b82f9c168  0x557b82f9c169  0x557b82f9c16a  0x557b82f9c16c  0x557b82f9c170  0x557b82f9c174  0x557b82f9c178  0x557b82f9c180  0x557b82f9c188  0x557b82f9c190  0x557b82f9c198  0x557b82f9c1a0  "
   actual:   "0x557b82f9c1680x557b82f9c1690x557b82f9c16a0x557b82f9c16c0x557b82f9c1700x557b82f9c1740x557b82f9c1780x557b82f9c1800x557b82f9c1880x557b82f9c1900x557b82f9c1980x557b82f9c1a0"

- [OUTPUT] ft_printf("%-32p%-32p%-32p%-32p%-32p%-32p%-32p%-32p%-32p%-32p%-32p%-32p",&a01,&a02,&a03,&a04,&a05,&a06,&a07,&a08,&a09,&a10,&a11,&a12)
   expected: "0x557b82f9c168                  0x557b82f9c169                  0x557b82f9c16a                  0x557b82f9c16c                  0x557b82f9c170                  0x557b82f9c174                  0x557b82f9c178                  0x557b82f9c180                  0x557b82f9c188                  0x557b82f9c190                  0x557b82f9c198                  0x557b82f9c1a0                  "
   actual:   "0x557b82f9c1680x557b82f9c1690x557b82f9c16a0x557b82f9c16c0x557b82f9c1700x557b82f9c1740x557b82f9c1780x557b82f9c1800x557b82f9c1880x557b82f9c1900x557b82f9c1980x557b82f9c1a0"

- [OUTPUT] ft_printf("%.d, %.0d", 0, 0)
   expected: ", "
   actual:   "0, 0"

- [OUTPUT] ft_printf("%.i, %.0i", 0, 0)
   expected: ", "
   actual:   "0, 0"

- [OUTPUT] ft_printf("%.u, %.0u", 0, 0)
   expected: ", "
   actual:   "0, 0"

- [OUTPUT] ft_printf("%.x, %.0x", 0, 0)
   expected: ", "
   actual:   "0, 0"

- [OUTPUT] ft_printf("%.X, %.0X", 0, 0)
   expected: ", "
   actual:   "0, 0"

- [OUTPUT] ft_printf("p3 %.4s\n", NULL)
   expected: "p3 \n"
   actual:   "p3 "

- [OUTPUT] ft_printf("p12 %.0d\n", 0)
   expected: "p12 \n"
   actual:   "p12 0\n"

- [OUTPUT] ft_printf("p20 %.0x\n", 0)
   expected: "p20 \n"
   actual:   "p20 0\n"

- [OUTPUT] ft_printf("p28 %.0x\n", 0)
   expected: "p28 \n"
   actual:   "p28 0\n"

- [OUTPUT] ft_printf("p36 %.0u\n", 0)
   expected: "p36 \n"
   actual:   "p36 0\n"

- [OUTPUT] ft_printf("Hello 42 school! %s", NULL)
   expected: "Hello 42 school! (null)"
   actual:   "Hello 42 school! "

- [OUTPUT] ft_printf("%p\n", NULL)
   expected: "(nil)\n"
   actual:   "0x0\n"

- [OUTPUT] ft_printf("%15p\n", NULL)
   expected: "          (nil)\n"
   actual:   "0x0\n"

- [OUTPUT] ft_printf("%-15p\n", NULL)
   expected: "(nil)          \n"
   actual:   "0x0\n"

- [OUTPUT] ft_printf("%50.2s", NULL)
   expected: "                                                  "
   actual:   ""

- [OUTPUT] ft_printf("%10s", NULL)
   expected: "    (null)"
   actual:   ""

- [OUTPUT] ft_printf("t12 %.0d\n", 0)
   expected: "t12 \n"
   actual:   "t12 0\n"

- [OUTPUT] ft_printf("31 This is an int : %.0d\n\n", 0)
   expected: "31 This is an int : \n\n"
   actual:   "31 This is an int : 0\n\n"

- [OUTPUT] ft_printf("%20.d", 0)
   expected: "                    "
   actual:   "                   0"

- [OUTPUT] ft_printf("%20.i", 0)
   expected: "                    "
   actual:   "                   0"

- [OUTPUT] ft_printf("%20.u", 0u)
   expected: "                    "
   actual:   "                   0"

- [OUTPUT] ft_printf("%20.x", 0u)
   expected: "                    "
   actual:   "                   0"

- [OUTPUT] ft_printf("%20.X", 0u)
   expected: "                    "
   actual:   "                   0"

- [OUTPUT] ft_printf("%-153p%0110.8x%110p" ,(void*)17240180584784891087lu,2705171059u,(void*)1312307382483808423lu)
   expected: "0xef416ce643b08ccf                                                                                                                                                                                                                                             a13da273                                                                                            0x1236409c8911f0a7"
   actual:   "0xef416ce643b08ccf                                                                                                      a13da2730x1236409c8911f0a7"

- [OUTPUT] ft_printf("%-108p" ,(void*)11646713326646154808lu)
   expected: "0xa1a170104b8d5638                                                                                          "
   actual:   "0xa1a170104b8d5638"

- [OUTPUT] ft_printf("%--81p%-115c%59s%135p%-46.34s" ,(void*)1228459267589004209lu,75,"`-@y3g&n[4!L=",(void*)7434010127989266962lu,",\v{#*|<Z,|M.OWYN@A$+r%YM:OOX")
   expected: "0x110c5d31f9addbb1                                                               K                                                                                                                                                                `-@y3g&n[4!L=                                                                                                                     0x672ae8d30774da12,{#*|<Z,|M.OWYN@A$+r%YM:OOX                  \v"
   actual:   "0x110c5d31f9addbb1K                                                                                                                                                                `-@y3g&n[4!L=0x672ae8d30774da12,{#*|<Z,|M.OWYN@A$+r%YM:OOX                  \v"

- [OUTPUT] ft_printf("%-.148d%-166.126d%--137p%131c%111.86s" ,-1733961224,-1148896912,(void*)17695841004645625598lu,-90,"v-Q/)ZI3")
   expected: "-0000000000000000000000000000000000000000000000000000000000000000000000000000000000000000000000000000000000000000000000000000000000000000001733961224-000000000000000000000000000000000000000000000000000000000000000000000000000000000000000000000000000000000000000000001148896912                                       0xf59441a31bb1aefe                                                                                                                                                                                                                                                                                                                                                                v-Q/)ZI3\a6"
   actual:   "-0000000000000000000000000000000000000000000000000000000000000000000000000000000000000000000000000000000000000000000000000000000000000000001733961224-000000000000000000000000000000000000000000000000000000000000000000000000000000000000000000000000000000000000000000001148896912                                       0xf59441a31bb1aefe                                                                                                                                                                                                                                         v-Q/)ZI3\a6"

- [OUTPUT] ft_printf("%0%%0104.20x%---176p%--8.25X%-120.98i" ,462982545u,(void*)2547223992875393254lu,1267937232u,640121608)
   expected: "%                                                                                    0000000000001b988d910x23598eb9cab0a0e6                                                                                                                                                              000000000000000004B932FD000000000000000000000000000000000000000000000000000000000000000000000000000000000000000000640121608                      "
   actual:   "%                                                                                    0000000000001b988d910x23598eb9cab0a0e6000000000000000004B932FD000000000000000000000000000000000000000000000000000000000000000000000000000000000000000000640121608                      "

- [OUTPUT] ft_printf("%--34.169x%-153c%---%%-164p" ,516530274u,-113,(void*)9877588959652347135lu)
   expected: "000000000000000000000000000000000000000000000000000000000000000000000000000000000000000000000000000000000000000000000000000000000000000000000000000000000000000001ec9a062                                                                                                                                                        %0x89143ed33965fcff                                                                                                                                                  \8f"
   actual:   "000000000000000000000000000000000000000000000000000000000000000000000000000000000000000000000000000000000000000000000000000000000000000000000000000000000000000001ec9a062                                                                                                                                                        %0x89143ed33965fcff\8f"

- [OUTPUT] ft_printf("%--139.146d%127.161s%--71p%--27.141d" ,-1822102494,"n=WLe.nEu0{",(void*)6771150153815206631lu,1561301744)
   expected: "-00000000000000000000000000000000000000000000000000000000000000000000000000000000000000000000000000000000000000000000000000000000000000001822102494                                                                                                                    n=WLe.nEu0{0x5df7f53096fcaae7                                                     000000000000000000000000000000000000000000000000000000000000000000000000000000000000000000000000000000000000000000000000000000000001561301744"
   actual:   "-00000000000000000000000000000000000000000000000000000000000000000000000000000000000000000000000000000000000000000000000000000000000000001822102494                                                                                                                    n=WLe.nEu0{0x5df7f53096fcaae7000000000000000000000000000000000000000000000000000000000000000000000000000000000000000000000000000000000000000000000000000000000001561301744"

- [OUTPUT] ft_printf("%06.38i%-168.40X%0074.18d%-158p" ,514862160,1406013807u,-595638242,(void*)15381379978655233653lu)
   expected: "000000000000000000000000000005148621600000000000000000000000000000000053CE116F                                                                                                                                                                                       -0000000005956382420xd575a398b70cf675                                                                                                                                            "
   actual:   "000000000000000000000000000005148621600000000000000000000000000000000053CE116F                                                                                                                                                                                       -0000000005956382420xd575a398b70cf675"

- [OUTPUT] ft_printf("%---105p%-%%--150.i" ,(void*)5854188174500153960lu,-1646567843)
   expected: "0x513e4120bd5fca68                                                                                       %-1646567843                                                                                                                                           "
   actual:   "0x513e4120bd5fca68%-1646567843                                                                                                                                           "

- [OUTPUT] ft_printf("%-38p%--.31i" ,(void*)4772992227276040767lu,-1118940749)
   expected: "0x423d13246e7d2a3f                    -0000000000000000000001118940749"
   actual:   "0x423d13246e7d2a3f-0000000000000000000001118940749"

- [OUTPUT] ft_printf("%102p" ,(void*)9473888934885903032lu)
   expected: "                                                                                    0x837a03ca9d60cab8"
   actual:   "0x837a03ca9d60cab8"

- [OUTPUT] ft_printf("%117p%-44c%-156c%-88.109s%0%" ,(void*)8225290685743754462lu,-123,65,NULL)
   expected: "                                                                                                   0x72261a4c9a15ecde                                           A                                                                                                                                                           (null)                                                                                  %\85"
   actual:   "0x72261a4c9a15ecde                                           A                                                                                                                                                           \85"

- [OUTPUT] ft_printf("%91p%--8.179X%--190c" ,(void*)13930816918730035186lu,505873219u,9)
   expected: "                                                                         0xc154342dcfe7cff20000000000000000000000000000000000000000000000000000000000000000000000000000000000000000000000000000000000000000000000000000000000000000000000000000000000000000000000000001E270343                                                                                                                                                                                             \t"
   actual:   "0xc154342dcfe7cff20000000000000000000000000000000000000000000000000000000000000000000000000000000000000000000000000000000000000000000000000000000000000000000000000000000000000000000000000001E270343                                                                                                                                                                                             \t"

- [OUTPUT] ft_printf("%-65.126x%-37p" ,34432908u,(void*)15470536329350159836lu)
   expected: "0000000000000000000000000000000000000000000000000000000000000000000000000000000000000000000000000000000000000000000000020d678c0xd6b262d33bb11ddc                   "
   actual:   "0000000000000000000000000000000000000000000000000000000000000000000000000000000000000000000000000000000000000000000000020d678c0xd6b262d33bb11ddc"

- [OUTPUT] ft_printf("%038.4x%97p%030.48X" ,3857355889u,(void*)807170435392081871lu,1801588532u)
   expected: "                              e5ea9471                                                                                0xb33a53c02be0fcf00000000000000000000000000000000000000006B620F34"
   actual:   "                              e5ea94710xb33a53c02be0fcf00000000000000000000000000000000000000006B620F34"

- [OUTPUT] ft_printf("%-164p" ,(void*)6169491224167215468lu)
   expected: "0x559e6f94bd60716c                                                                                                                                                  "
   actual:   "0x559e6f94bd60716c"

- [OUTPUT] ft_printf("%00065.197d%132p%-%%-173.71i%--1.32i" ,-699619784,(void*)4809237208452777030lu,366715426,-1301410622)
   expected: "-00000000000000000000000000000000000000000000000000000000000000000000000000000000000000000000000000000000000000000000000000000000000000000000000000000000000000000000000000000000000000000000699619784                                                                                                                  0x42bdd7c2ba6b4446%00000000000000000000000000000000000000000000000000000000000000366715426                                                                                                      -00000000000000000000001301410622"
   actual:   "-000000000000000000000000000000000000000000000000000000000000000000000000000000000000000000000000000000000000000000000000000000000000000000000000000000000000000000000000000000000000000000006996197840x42bdd7c2ba6b4446%00000000000000000000000000000000000000000000000000000000000000366715426                                                                                                      -00000000000000000000001301410622"

- [OUTPUT] ft_printf("%0168.128u%0054.92x%30.171s" ,2620195206u,1771128939u,NULL)
   expected: "                                        000000000000000000000000000000000000000000000000000000000000000000000000000000000000000000000000000000000000000000000026201952060000000000000000000000000000000000000000000000000000000000000000000000000000000000006991486b                        (null)"
   actual:   "                                        000000000000000000000000000000000000000000000000000000000000000000000000000000000000000000000000000000000000000000000026201952060000000000000000000000000000000000000000000000000000000000000000000000000000000000006991486b"

- [OUTPUT] ft_printf("%-186.138i%86p%-113c%--87p" ,-1320475933,(void*)11899625258064503923lu,-39,(void*)15206197846470084523lu)
   expected: "-000000000000000000000000000000000000000000000000000000000000000000000000000000000000000000000000000000000000000000000000000000001320475933                                                                                                                   0xa523f62013336473                                                                                                                0xd30744601f28c7ab                                                                     \d9"
   actual:   "-000000000000000000000000000000000000000000000000000000000000000000000000000000000000000000000000000000000000000000000000000000001320475933                                               0xa523f62013336473                                                                                                                0xd30744601f28c7ab\d9"

- [OUTPUT] ft_printf("%-29p%--%%-193.171d" ,(void*)18371325174281419847lu,-1239504524)
   expected: "0xfef40ee91a3c3c47           %-000000000000000000000000000000000000000000000000000000000000000000000000000000000000000000000000000000000000000000000000000000000000000000000000000000000000000001239504524                     "
   actual:   "0xfef40ee91a3c3c47%-000000000000000000000000000000000000000000000000000000000000000000000000000000000000000000000000000000000000000000000000000000000000000000000000000000000000000001239504524                     "

- [OUTPUT] ft_printf("%-106p%--%%---16.39i%-62.45s%032.34u" ,(void*)4820041568133212049lu,1496653732,"78iTF|2mbbziDh\n0^?Q0",3823859301u)
   expected: "0x42e43a44bf326791                                                                                        %00000000000000000000000000000149665373278iTF|2mbbziDh0^?Q0                                          0000000000000000000000003823859301\n"
   actual:   "0x42e43a44bf326791%00000000000000000000000000000149665373278iTF|2mbbziDh0^?Q0                                          0000000000000000000000003823859301\n"

- [OUTPUT] ft_printf("%00101.6i%-41.55d%-%%-76p%--81p" ,383803588,1279553359,(void*)11248044234994893080lu,(void*)8032604661431581565lu)
   expected: "                                                                                            3838035880000000000000000000000000000000000000000000001279553359%0x9c1914a314c04118                                                          0x6f798b6189c6bb7d                                                               "
   actual:   "                                                                                            3838035880000000000000000000000000000000000000000000001279553359%0x9c1914a314c041180x6f798b6189c6bb7d"

- [OUTPUT] ft_printf("%-%%35p" ,(void*)6242906840831513273lu)
   expected: "%                 0x56a342b2059e52b9"
   actual:   "%0x56a342b2059e52b9"

- [OUTPUT] ft_printf("%-146p%61.188s%--4.45u%0101.43X" ,(void*)9385099357660773515lu,"AmHx.B%B(|@OR&y94wO",462406975u,1042322495u)
   expected: "0x823e9224331dfc8b                                                                                                                                                                          AmHx.B%B(|@OR&y94wO000000000000000000000000000000000000462406975                                                          000000000000000000000000000000000003E20943F"
   actual:   "0x823e9224331dfc8b                                          AmHx.B%B(|@OR&y94wO000000000000000000000000000000000000462406975                                                          000000000000000000000000000000000003E20943F"

- [OUTPUT] ft_printf("%00083.93d%-55.41u%-53p%0184.141x%00095.8d" ,199982661,274355806u,(void*)5935165970550123490lu,84062795u,-1718426199)
   expected: "00000000000000000000000000000000000000000000000000000000000000000000000000000000000019998266100000000000000000000000000000000274355806              0x525df2011da06be2                                                                              00000000000000000000000000000000000000000000000000000000000000000000000000000000000000000000000000000000000000000000000000000000000000502b24b                                                                                    -1718426199"
   actual:   "00000000000000000000000000000000000000000000000000000000000000000000000000000000000019998266100000000000000000000000000000000274355806              0x525df2011da06be2                                           00000000000000000000000000000000000000000000000000000000000000000000000000000000000000000000000000000000000000000000000000000000000000502b24b                                                                                    -1718426199"

- [OUTPUT] ft_printf("%---26.93u%0048.24u%168p%---%%--%" ,1674006569u,2231710712u,(void*)8652210935049373690lu)
   expected: "000000000000000000000000000000000000000000000000000000000000000000000000000000000001674006569                        000000000000002231710712                                                                                                                                                      0x7812d401095e47fa%%"
   actual:   "000000000000000000000000000000000000000000000000000000000000000000000000000000000001674006569                        0000000000000022317107120x7812d401095e47fa%%"

- [OUTPUT] ft_printf("%-%%-86p%-75.65X%--%%0%" ,(void*)2090071458243268605lu,2822691287u)
   expected: "%0x1d016ceae7c5cffd                                                                    000000000000000000000000000000000000000000000000000000000A83ED9D7          %%"
   actual:   "%0x1d016ceae7c5cffd000000000000000000000000000000000000000000000000000000000A83ED9D7          %%"

- [OUTPUT] ft_printf("%0162.19u%-163p" ,2075536297u,(void*)16464387670933811057lu)
   expected: "                                                                                                                                               00000000020755362970xe47d415aca54af71                                                                                                                                                 "
   actual:   "                                                                                                                                               00000000020755362970xe47d415aca54af71"

- [OUTPUT] ft_printf("%23p%-164c" ,(void*)5251690933477523038lu,61)
   expected: "     0x48e1c11450113e5e=                                                                                                                                                                   "
   actual:   "0x48e1c11450113e5e=                                                                                                                                                                   "

- [OUTPUT] ft_printf("%.d", 0)
   expected: ""
   actual:   "0"

- [OUTPUT] ft_printf("-->|%-16p|<-- ", (void*)0x1900)
   expected: "-->|0x1900          |<-- "
   actual:   "-->|0x1900|<-- "

- [OUTPUT] ft_printf("-->|%-16p|<-- ", (void*)0x1900)
   expected: "-->|0x1900          |<-- "
   actual:   "-->|0x1900|<-- "

